FILTER TYPE:LOW PASS                       1H
PASSBAND RIPPLE IN -dB        -.1000E+01
STOPBAND RIPPLE IN -dB        -.6000E+02
PASSBAND CUTOFF FREQUENCY   0.150000E+03 HERTZ
STOPBAND CUTOFF FREQUENCY   0.200000E+03 HERTZ
SAMPLING FREQUENCY          0.250000E+04 HERTZ


              FILTER ORDER:     4
              FILTER DESIGN METHOD:      Bilinear Transformation
              FILTER REALIZATION METHOD: Cascaded Second Order Sections
              ANALOG FILTER TYPE:        Elliptic

            NORMALIZED ANALOG TRANSFER FUNCTION T(s) - PRODUCT OF SECTIONS
               NUMERATOR COEFFICIENTS               DENOMINATOR COEFFICIENTS
    S**2 TERM      S TERM         CONST TERM     S**2 TERM      S TERM         CONST TERM
    1.498843e-001  0.000000e+000  1.000000e+000  1.046444e+000  6.743956e-001  3.100149e-001
    6.673980e-001  0.000000e+000  1.000000e+000  1.214905e+000  1.953645e-001  9.044556e-001
          INITIAL GAIN  2.803946853e-001

            NORMALIZED ANALOG TRANSFER FUNCTION H(s) - SUM OF SECTIONS
               NUMERATOR COEFFICIENTS               DENOMINATOR COEFFICIENTS
    S**2 TERM      S TERM         CONST TERM     S**2 TERM      S TERM         CONST TERM
    0.000000e+000  7.538618e-002  3.643334e-001  1.046444e+000  6.743956e-001  3.100149e-001
    0.000000e+000 -1.091065e-001 -1.784265e-001  1.214905e+000  1.953645e-001  9.044556e-001
          INITIAL GAIN  2.206239509e-002

           UNNORMALIZED ANALOG TRANSFER FUNCTION T(s) - PRODUCT OF SECTIONS

               NUMERATOR COEFFICIENTS               DENOMINATOR COEFFICIENTS
    S**2 TERM      S TERM         CONST TERM     S**2 TERM      S TERM         CONST TERM
    1.498843e-001  0.000000e+000  1.224472e+006  1.046444e+000  7.462584e+002  3.796046e+005
    6.673980e-001  0.000000e+000  1.224472e+006  1.214905e+000  2.161823e+002  1.107481e+006
          INITIAL GAIN  2.803946853e-001

           UNNORMALIZED ANALOG TRANSFER FUNCTION T(s) - SUM OF SECTIONS

               NUMERATOR COEFFICIENTS               DENOMINATOR COEFFICIENTS
    S**2 TERM      S TERM         CONST TERM     S**2 TERM      S TERM         CONST TERM
    0.000000e+000  8.341924e+001  4.461162e+005  1.046444e+000  7.462584e+002  3.796046e+005
    0.000000e+000 -1.207327e+002 -2.184783e+005  1.214905e+000  2.161823e+002  1.107481e+006
          INITIAL GAIN  2.206239509e-002

                          DIGITAL TRANSFER FUNCTION Hd(z) - PRODUCT OF SECTIONS

               NUMERATOR COEFFICIENTS               DENOMINATOR COEFFICIENTS
    Z**2 TERM      Z TERM         CONST TERM     Z**2 TERM      Z TERM         CONST TERM
    1.000000e+000 -1.014822e+000  1.000000e+000  1.000000e+000 -1.703323e+000  7.534822e-001
    1.000000e+000 -1.726519e+000  1.000000e+000  1.000000e+000 -1.797557e+000  9.336070e-001
          INITIAL GAIN  2.257806031e-002

                         ZEROS OF THIS TRANSFER FUNCTION

     REAL PART     IMAGINARY PART      RADIUS         ANGLE
 5.074534161e-001  8.616791923e-001   1.000000000e+000  1.038569491e+000
 5.074534161e-001 -8.616791923e-001   1.000000000e+000 -1.038569491e+000
 8.633280128e-001  5.046431832e-001   1.000000000e+000  5.289686115e-001
 8.633280128e-001 -5.046431832e-001   1.000000000e+000 -5.289686115e-001

                         POLES OF THIS TRANSFER FUNCTION

     REAL PART     IMAGINARY PART      RADIUS         ANGLE
 8.516540527e-001  1.678224609e-001   8.680316837e-001  1.945619737e-001
 8.516540527e-001 -1.678224609e-001   8.680316837e-001 -1.945619737e-001
 8.987731934e-001  3.546836575e-001   9.662265521e-001  3.758692746e-001
 8.987731934e-001 -3.546836575e-001   9.662265521e-001 -3.758692746e-001
         COEFFICIENTS ARE QUANTIZED TO   16 BITS

                          AFTER QUANTIZATION

                          DIGITAL TRANSFER FUNCTION Hd(z) - PRODUCT OF SECTIONS

               NUMERATOR COEFFICIENTS               DENOMINATOR COEFFICIENTS
    Z**2 TERM      Z TERM         CONST TERM     Z**2 TERM      Z TERM         CONST TERM
    2.456665e-002 -2.493286e-002  2.456665e-002  5.000000e-001 -8.516541e-001  3.767395e-001
    2.294312e-001 -3.961487e-001  2.294312e-001  5.000000e-001 -8.987732e-001  4.667969e-001
          INITIAL GAIN  1.000122070e+000

                         ZEROS OF THIS TRANSFER FUNCTION

     REAL PART     IMAGINARY PART      RADIUS         ANGLE
 5.074534161e-001  8.616791923e-001   1.000000000e+000  1.038569491e+000
 5.074534161e-001 -8.616791923e-001   1.000000000e+000 -1.038569491e+000
 8.633280128e-001  5.046431832e-001   1.000000000e+000  5.289686115e-001
 8.633280128e-001 -5.046431832e-001   1.000000000e+000 -5.289686115e-001

                         POLES OF THIS TRANSFER FUNCTION

     REAL PART     IMAGINARY PART      RADIUS         ANGLE
 8.516540527e-001  1.678224609e-001   8.680316837e-001  1.945619737e-001
 8.516540527e-001 -1.678224609e-001   8.680316837e-001 -1.945619737e-001
 8.987731934e-001  3.546836575e-001   9.662265521e-001  3.758692746e-001
 8.987731934e-001 -3.546836575e-001   9.662265521e-001 -3.758692746e-001


FILTER TYPE:LOW PASS                       1H
PASSBAND RIPPLE IN -dB        -.1000E+01
STOPBAND RIPPLE IN -dB        -.6000E+02
PASSBAND CUTOFF FREQUENCY   0.150000E+03 HERTZ
STOPBAND CUTOFF FREQUENCY   0.200000E+03 HERTZ
SAMPLING FREQUENCY          0.250000E+04 HERTZ


                FIR DESIGN: Kaiser Window
                FILTER LENGTH: 32

                   IMPULSE COEFFICIENTS PRIOR TO QUANTIZATION
        COEFFICENT                        WINDOW                     PRODUCT
 H(   0) =  1.38874301e-001  WIN(   0) =  9.97526241e-001  H * WIN =  1.38530759e-001
 H(   1) =  1.30062916e-001  WIN(   1) =  9.77917222e-001  H * WIN =  1.27190766e-001
 H(   2) =  1.13446474e-001  WIN(   2) =  9.39651148e-001  H * WIN =  1.06600110e-001
 H(   3) =  9.09008056e-002  WIN(   3) =  8.84567623e-001  H * WIN =  8.04079095e-002
 H(   4) =  6.49178601e-002  WIN(   4) =  8.15270411e-001  H * WIN =  5.29256105e-002
 H(   5) =  3.82731099e-002  WIN(   5) =  7.34954666e-001  H * WIN =  2.81290007e-002
 H(   6) =  1.36624042e-002  WIN(   6) =  6.47198586e-001  H * WIN =  8.84228867e-003
 H(   7) = -6.63928490e-003  WIN(   7) =  5.55735785e-001  H * WIN = -3.68968821e-003
 H(   8) = -2.10490231e-002  WIN(   8) =  4.64225930e-001  H * WIN = -9.77150231e-003
 H(   9) = -2.88402839e-002  WIN(   9) =  3.76040803e-001  H * WIN = -1.08451235e-002
 H(  10) = -3.01806872e-002  WIN(  10) =  2.94081225e-001  H * WIN = -8.87557346e-003
 H(  11) = -2.60427522e-002  WIN(  11) =  2.20637208e-001  H * WIN = -5.74600014e-003
 H(  12) = -1.80063263e-002  WIN(  12) =  1.57299710e-001  H * WIN = -2.83238991e-003
 H(  13) = -7.98693547e-003  WIN(  13) =  1.04927780e-001  H * WIN = -8.38051405e-004
 H(  14) =  2.06590390e-003  WIN(  14) =  6.36701649e-002  H * WIN =  1.31536442e-004
 H(  15) =  1.04537365e-002  WIN(  15) =  3.30360001e-002  H * WIN =  3.45349639e-004
         COEFFICIENTS ARE QUANTIZED TO   16 BITS

             IMPULSE COEFFICIENTS AFTER QUANTIZATION
                    H(   0) =  3.35693359e-004
                    H(   1) =  1.22070313e-004
                    H(   2) = -7.93457031e-004
                    H(   3) = -2.80761719e-003
                    H(   4) = -5.70678711e-003
                    H(   5) = -8.85009766e-003
                    H(   6) = -1.08032227e-002
                    H(   7) = -9.73510742e-003
                    H(   8) = -3.66210938e-003
                    H(   9) =  8.81958008e-003
                    H(  10) =  2.81066895e-002
                    H(  11) =  5.28869629e-002
                    H(  12) =  8.03222656e-002
                    H(  13) =  1.06506348e-001
                    H(  14) =  1.27075195e-001
                    H(  15) =  1.38397217e-001
                    H(  16) =  1.38397217e-001
                    H(  17) =  1.27075195e-001
                    H(  18) =  1.06506348e-001
                    H(  19) =  8.03222656e-002
                    H(  20) =  5.28869629e-002
                    H(  21) =  2.81066895e-002
                    H(  22) =  8.81958008e-003
                    H(  23) = -3.66210938e-003
                    H(  24) = -9.73510742e-003
                    H(  25) = -1.08032227e-002
                    H(  26) = -8.85009766e-003
                    H(  27) = -5.70678711e-003
                    H(  28) = -2.80761719e-003
                    H(  29) = -7.93457031e-004
                    H(  30) =  1.22070313e-004
                    H(  31) =  3.35693359e-004


FILTER TYPE:LOW PASS                       1H
PASSBAND RIPPLE IN -dB        -.1000E+01
STOPBAND RIPPLE IN -dB        -.6000E+02
PASSBAND CUTOFF FREQUENCY   0.150000E+03 HERTZ
STOPBAND CUTOFF FREQUENCY   0.200000E+03 HERTZ
SAMPLING FREQUENCY          0.160000E+04 HERTZ


                FIR DESIGN: Kaiser Window
                FILTER LENGTH: 32

                   IMPULSE COEFFICIENTS PRIOR TO QUANTIZATION
        COEFFICENT                        WINDOW                     PRODUCT
 H(   0) =  2.14470742e-001  WIN(   0) =  9.97526241e-001  H * WIN =  2.13940193e-001
 H(   1) =  1.82015664e-001  WIN(   1) =  9.77917222e-001  H * WIN =  1.77996253e-001
 H(   2) =  1.25945865e-001  WIN(   2) =  9.39651148e-001  H * WIN =  1.18345177e-001
 H(   3) =  6.10753870e-002  WIN(   3) =  8.84567623e-001  H * WIN =  5.40253099e-002
 H(   4) =  3.47082796e-003  WIN(   4) =  8.15270411e-001  H * WIN =  2.82966334e-003
 H(   5) = -3.44758141e-002  WIN(   5) =  7.34954666e-001  H * WIN = -2.53381605e-002
 H(   6) = -4.75031597e-002  WIN(   6) =  6.47198586e-001  H * WIN = -3.07439778e-002
 H(   7) = -3.83664972e-002  WIN(   7) =  5.55735785e-001  H * WIN = -2.13216355e-002
 H(   8) = -1.60111780e-002  WIN(   8) =  4.64225930e-001  H * WIN = -7.43280401e-003
 H(   9) =  8.14136773e-003  WIN(   9) =  3.76040803e-001  H * WIN =  3.06148646e-003
 H(  10) =  2.43494189e-002  WIN(  10) =  2.94081225e-001  H * WIN =  7.16070692e-003
 H(  11) =  2.76457798e-002  WIN(  11) =  2.20637208e-001  H * WIN =  6.09968768e-003
 H(  12) =  1.88681655e-002  WIN(  12) =  1.57299710e-001  H * WIN =  2.96795696e-003
 H(  13) =  3.45968597e-003  WIN(  13) =  1.04927780e-001  H * WIN =  3.63017167e-004
 H(  14) = -1.12857921e-002  WIN(  14) =  6.36701649e-002  H * WIN = -7.18568246e-004
 H(  15) = -1.93356635e-002  WIN(  15) =  3.30360001e-002  H * WIN = -6.38772982e-004
         COEFFICIENTS ARE QUANTIZED TO   16 BITS

             IMPULSE COEFFICIENTS AFTER QUANTIZATION
                    H(   0) = -6.10351563e-004
                    H(   1) = -7.01904297e-004
                    H(   2) =  3.66210938e-004
                    H(   3) =  2.96020508e-003
                    H(   4) =  6.10351563e-003
                    H(   5) =  7.14111328e-003
                    H(   6) =  3.05175781e-003
                    H(   7) = -7.38525391e-003
                    H(   8) = -2.12707520e-002
                    H(   9) = -3.06701660e-002
                    H(  10) = -2.52685547e-002
                    H(  11) =  2.83813477e-003
                    H(  12) =  5.39550781e-002
                    H(  13) =  1.18194580e-001
                    H(  14) =  1.77764893e-001
                    H(  15) =  2.13684082e-001
                    H(  16) =  2.13684082e-001
                    H(  17) =  1.77764893e-001
                    H(  18) =  1.18194580e-001
                    H(  19) =  5.39550781e-002
                    H(  20) =  2.83813477e-003
                    H(  21) = -2.52685547e-002
                    H(  22) = -3.06701660e-002
                    H(  23) = -2.12707520e-002
                    H(  24) = -7.38525391e-003
                    H(  25) =  3.05175781e-003
                    H(  26) =  7.14111328e-003
                    H(  27) =  6.10351563e-003
                    H(  28) =  2.96020508e-003
                    H(  29) =  3.66210938e-004
                    H(  30) = -7.01904297e-004
                    H(  31) = -6.10351563e-004


